http://localhost/Ligue12010/index.php?
Ouverture du thread 64 a Tuesday 15 February 2011 21:45:00
Fermeture du thread 64 a Tuesday 15 February 2011 21:45:08	
http://localhost/Ligue12010/index.php?Page=1
Ouverture du thread 65 a Tuesday 15 February 2011 21:47:47
Fermeture du thread 65 a Tuesday 15 February 2011 21:47:48	
http://localhost/Ligue12010/index.php?
Ouverture du thread 66 a Tuesday 15 February 2011 21:55:07
Fermeture du thread 66 a Tuesday 15 February 2011 21:55:09	
http://localhost/Ligue12010/index.php?Page=3
Ouverture du thread 67 a Tuesday 15 February 2011 21:55:14
Fermeture du thread 67 a Tuesday 15 February 2011 21:55:14	
http://localhost/Ligue12010/get.ranking.php?
Ouverture du thread 68 a Tuesday 15 February 2011 21:55:15
Fermeture du thread 68 a Tuesday 15 February 2011 21:55:17	
http://localhost/Ligue12010/index.php?Page=6
Ouverture du thread 69 a Tuesday 15 February 2011 21:55:30
Fermeture du thread 69 a Tuesday 15 February 2011 21:55:30	
http://localhost/Ligue12010/get.player.statistics.php?PlayerKey=19&View=Ranking&ViewMode=Global&Position=0
Ouverture du thread 70 a Tuesday 15 February 2011 21:55:31
Fermeture du thread 70 a Tuesday 15 February 2011 21:55:32	
http://localhost/Ligue12010/index.php?
Ouverture du thread 71 a Tuesday 15 February 2011 21:55:35
Fermeture du thread 71 a Tuesday 15 February 2011 21:55:37	
