http://localhost/Ligue12010/index.php?
Ouverture du thread 74 a 
Fermeture du thread 74 a 	
http://localhost/Ligue12010/index.php?
Ouverture du thread 75 a 
Fermeture du thread 75 a 	
http://localhost/Ligue12010/index.php?Page=2
Ouverture du thread 76 a 
Fermeture du thread 76 a 	
http://localhost/Ligue12010/index.php?Page=2
Ouverture du thread 77 a 
Fermeture du thread 77 a 	
http://localhost/Ligue12010/get.live.match.detail.php?MatchKey=366&_=1298370529630
Ouverture du thread 78 a 
Fermeture du thread 78 a 	
http://localhost/Ligue12010/get.live.match.detail.php?MatchKey=364&_=1298370529691
Ouverture du thread 79 a 
Fermeture du thread 79 a 	
http://localhost/Ligue12010/index.php?Page=4
Ouverture du thread 80 a 
Fermeture du thread 80 a 	
http://localhost/Ligue12010/index.php?Page=4&DayKey=12
Ouverture du thread 81 a 
Fermeture du thread 81 a 	
http://localhost/Ligue12010/get.live.match.detail.php?MatchKey=361&_=1298370559233
Ouverture du thread 82 a 
Fermeture du thread 82 a 	
http://localhost/Ligue12010/index.php?Page=2
Ouverture du thread 83 a 
Fermeture du thread 83 a 	
http://localhost/Ligue12010/index.php?Page=2
Ouverture du thread 84 a 
Fermeture du thread 84 a 	
http://localhost/Ligue12010/index.php?Page=2
Ouverture du thread 85 a 
Fermeture du thread 85 a 	
http://localhost/Ligue12010/index.php?Page=2
Ouverture du thread 86 a 
Fermeture du thread 86 a 	
http://localhost/Ligue12010/get.live.match.detail.php?MatchKey=367&_=1298371109339
Ouverture du thread 87 a 
Fermeture du thread 87 a 	
http://localhost/Ligue12010/get.live.match.detail.php?MatchKey=362&_=1298371136091
Ouverture du thread 88 a 
Fermeture du thread 88 a 	
http://localhost/Ligue12010/get.live.match.detail.php?MatchKey=361&_=1298371141640
Ouverture du thread 89 a 
Fermeture du thread 89 a 	
http://localhost/Ligue12010/get.live.match.detail.php?MatchKey=370&_=1298371141707
Ouverture du thread 90 a 
Fermeture du thread 90 a 	
http://localhost/Ligue12010/get.live.match.detail.php?MatchKey=362&_=1298371143303
Ouverture du thread 91 a 
Fermeture du thread 91 a 	
http://localhost/Ligue12010/get.live.match.detail.php?MatchKey=361&_=1298371143391
Ouverture du thread 92 a 
Fermeture du thread 92 a 	
http://localhost/Ligue12010/get.live.match.detail.php?MatchKey=370&_=1298371149580
Ouverture du thread 93 a 
Fermeture du thread 93 a 	
http://localhost/Ligue12010/get.live.match.detail.php?MatchKey=367&_=1298371151656
Ouverture du thread 94 a 
Fermeture du thread 94 a 	
http://localhost/Ligue12010/get.live.match.detail.php?MatchKey=370&_=1298371196070
Ouverture du thread 95 a Tuesday 22 February 2011 11:39:56
Fermeture du thread 95 a 	
http://localhost/Ligue12010/get.live.match.detail.php?MatchKey=362&_=1298371226995
Ouverture du thread 96 a Tuesday 22 February 2011 11:40:28
Fermeture du thread 96 a Tuesday 22 February 2011 11:40:28	
http://localhost/Ligue12010/get.live.match.detail.php?MatchKey=361&_=1298371227010
Ouverture du thread 97 a Tuesday 22 February 2011 11:40:28
Fermeture du thread 97 a Tuesday 22 February 2011 11:40:28	
http://localhost/Ligue12010/get.live.match.detail.php?MatchKey=370&_=1298371227022
Ouverture du thread 98 a Tuesday 22 February 2011 11:40:28
Fermeture du thread 98 a Tuesday 22 February 2011 11:40:28	
http://localhost/Ligue12010/get.live.match.detail.php?MatchKey=367&_=1298371227320
Ouverture du thread 99 a Tuesday 22 February 2011 11:40:28
Fermeture du thread 99 a Tuesday 22 February 2011 11:40:28	
http://localhost/Ligue12010/get.live.match.detail.php?MatchKey=370&_=1298371227361
Ouverture du thread 100 a Tuesday 22 February 2011 11:40:28
Fermeture du thread 100 a Tuesday 22 February 2011 11:40:29	
http://localhost/Ligue12010/index.php?Page=2
Ouverture du thread 101 a Tuesday 22 February 2011 11:54:56
Fermeture du thread 101 a Tuesday 22 February 2011 11:54:56	
http://localhost/Ligue12010/get.live.match.detail.php?MatchKey=370&_=1298372108827
Ouverture du thread 102 a Tuesday 22 February 2011 11:55:09
Fermeture du thread 102 a Tuesday 22 February 2011 11:55:09	
http://localhost/Ligue12010/get.live.match.detail.php?MatchKey=368&_=1298372109187
Ouverture du thread 103 a Tuesday 22 February 2011 11:55:09
Fermeture du thread 103 a Tuesday 22 February 2011 11:55:10	
http://localhost/Ligue12010/get.live.match.detail.php?MatchKey=369&_=1298372109325
Ouverture du thread 104 a Tuesday 22 February 2011 11:55:10
Fermeture du thread 104 a Tuesday 22 February 2011 11:55:10	
http://localhost/Ligue12010/get.live.match.detail.php?MatchKey=368&_=1298372109565
Ouverture du thread 105 a Tuesday 22 February 2011 11:55:10
Fermeture du thread 105 a Tuesday 22 February 2011 11:55:10	
http://localhost/Ligue12010/get.live.match.detail.php?MatchKey=365&_=1298372109590
Ouverture du thread 106 a Tuesday 22 February 2011 11:55:10
Fermeture du thread 106 a Tuesday 22 February 2011 11:55:10	
http://localhost/Ligue12010/get.live.match.detail.php?MatchKey=367&_=1298372109615
Ouverture du thread 107 a Tuesday 22 February 2011 11:55:10
Fermeture du thread 107 a Tuesday 22 February 2011 11:55:10	
http://localhost/Ligue12010/get.live.match.detail.php?MatchKey=361&_=1298372109665
Ouverture du thread 108 a Tuesday 22 February 2011 11:55:10
Fermeture du thread 108 a Tuesday 22 February 2011 11:55:11	
http://localhost/Ligue12010/get.live.match.detail.php?MatchKey=370&_=1298372109639
Ouverture du thread 109 a Tuesday 22 February 2011 11:55:11
Fermeture du thread 109 a Tuesday 22 February 2011 11:55:11	
http://localhost/Ligue12010/get.live.match.detail.php?MatchKey=362&_=1298372109690
Ouverture du thread 110 a Tuesday 22 February 2011 11:55:11
Fermeture du thread 110 a Tuesday 22 February 2011 11:55:11	
http://localhost/Ligue12010/get.live.match.detail.php?MatchKey=364&_=1298372109714
Ouverture du thread 111 a Tuesday 22 February 2011 11:55:11
Fermeture du thread 111 a Tuesday 22 February 2011 11:55:11	
http://localhost/Ligue12010/get.live.match.detail.php?MatchKey=366&_=1298372109839
Ouverture du thread 112 a Tuesday 22 February 2011 11:55:11
Fermeture du thread 112 a Tuesday 22 February 2011 11:55:12	
http://localhost/Ligue12010/get.live.match.detail.php?MatchKey=362&_=1298372113296
Ouverture du thread 113 a Tuesday 22 February 2011 11:55:13
Fermeture du thread 113 a Tuesday 22 February 2011 11:55:13	
http://localhost/Ligue12010/get.live.match.detail.php?MatchKey=361&_=1298372113333
Ouverture du thread 114 a Tuesday 22 February 2011 11:55:13
Fermeture du thread 114 a Tuesday 22 February 2011 11:55:13	
http://localhost/Ligue12010/get.live.match.detail.php?MatchKey=370&_=1298372113377
Ouverture du thread 115 a Tuesday 22 February 2011 11:55:13
Fermeture du thread 115 a Tuesday 22 February 2011 11:55:13	
http://localhost/Ligue12010/index.php?Page=3
Ouverture du thread 116 a Tuesday 22 February 2011 11:55:14
Fermeture du thread 116 a Tuesday 22 February 2011 11:55:14	
http://localhost/Ligue12010/get.ranking.php?
Ouverture du thread 117 a Tuesday 22 February 2011 11:55:16
Fermeture du thread 117 a Tuesday 22 February 2011 11:55:17	
http://localhost/Ligue12010/index.php?Page=3&View=Teams
Ouverture du thread 118 a Tuesday 22 February 2011 11:55:18
Fermeture du thread 118 a Tuesday 22 February 2011 11:55:19	
http://localhost/Ligue12010/index.php?Page=3&View=Teams
Ouverture du thread 119 a Tuesday 22 February 2011 11:57:25
Fermeture du thread 119 a Tuesday 22 February 2011 11:57:25	
http://localhost/Ligue12010/index.php?Page=2
Ouverture du thread 120 a Tuesday 22 February 2011 11:57:34
Fermeture du thread 120 a Tuesday 22 February 2011 11:57:35	
http://localhost/Ligue12010/get.live.match.detail.php?MatchKey=368&_=1298372287618
Ouverture du thread 121 a Tuesday 22 February 2011 11:58:07
Fermeture du thread 121 a Tuesday 22 February 2011 11:58:07	
http://localhost/Ligue12010/index.php?Page=2
Ouverture du thread 122 a Tuesday 22 February 2011 11:58:11
Fermeture du thread 122 a Tuesday 22 February 2011 11:58:12	
http://localhost/Ligue12010/get.live.match.detail.php?MatchKey=364&_=1298372302090
Ouverture du thread 123 a Tuesday 22 February 2011 11:58:22
Fermeture du thread 123 a Tuesday 22 February 2011 11:58:22	
http://localhost/Ligue12010/get.live.match.detail.php?MatchKey=366&_=1298372302414
Ouverture du thread 124 a Tuesday 22 February 2011 11:58:22
Fermeture du thread 124 a Tuesday 22 February 2011 11:58:22	
http://localhost/Ligue12010/get.live.match.detail.php?MatchKey=363&_=1298372302469
Ouverture du thread 125 a Tuesday 22 February 2011 11:58:22
Fermeture du thread 125 a Tuesday 22 February 2011 11:58:22	
http://localhost/Ligue12010/get.live.match.detail.php?MatchKey=363&_=1298372303639
Ouverture du thread 126 a Tuesday 22 February 2011 11:58:23
Fermeture du thread 126 a Tuesday 22 February 2011 11:58:23	
http://localhost/Ligue12010/get.live.match.detail.php?MatchKey=368&_=1298372312354
Ouverture du thread 127 a Tuesday 22 February 2011 11:58:32
Fermeture du thread 127 a Tuesday 22 February 2011 11:58:32	
http://localhost/Ligue12010/get.live.match.detail.php?MatchKey=369&_=1298372312394
Ouverture du thread 128 a Tuesday 22 February 2011 11:58:32
Fermeture du thread 128 a Tuesday 22 February 2011 11:58:32	
http://localhost/Ligue12010/index.php?Page=1
Ouverture du thread 129 a Tuesday 22 February 2011 11:58:33
Fermeture du thread 129 a Tuesday 22 February 2011 11:58:33	
http://localhost/Ligue12010/index.php?Page=1&Calendar=1
Ouverture du thread 130 a Tuesday 22 February 2011 11:58:44
Fermeture du thread 130 a Tuesday 22 February 2011 11:58:44	
http://localhost/Ligue12010/matches.scheduled.php?_=1298372325237&start=1296342000&end=1299970800
Ouverture du thread 131 a Tuesday 22 February 2011 11:58:45
Fermeture du thread 131 a Tuesday 22 February 2011 11:58:45	
http://localhost/Ligue12010/index.php?
Ouverture du thread 132 a Tuesday 22 February 2011 11:58:50
Fermeture du thread 132 a Tuesday 22 February 2011 11:58:51	
http://localhost/Ligue12010/index.php?Page=2
Ouverture du thread 133 a Tuesday 22 February 2011 11:58:55
Fermeture du thread 133 a Tuesday 22 February 2011 11:58:56	
http://localhost/Ligue12010/get.live.match.detail.php?MatchKey=364&_=1298372358022
Ouverture du thread 134 a Tuesday 22 February 2011 11:59:18
Fermeture du thread 134 a Tuesday 22 February 2011 11:59:18	
http://localhost/Ligue12010/get.live.match.detail.php?MatchKey=362&_=1298372359781
Ouverture du thread 135 a Tuesday 22 February 2011 11:59:19
Fermeture du thread 135 a Tuesday 22 February 2011 11:59:19	
http://localhost/Ligue12010/get.live.match.detail.php?MatchKey=361&_=1298372359855
Ouverture du thread 136 a Tuesday 22 February 2011 11:59:19
Fermeture du thread 136 a Tuesday 22 February 2011 11:59:19	
http://localhost/Ligue12010/get.live.match.detail.php?MatchKey=370&_=1298372360563
Ouverture du thread 137 a Tuesday 22 February 2011 11:59:20
Fermeture du thread 137 a Tuesday 22 February 2011 11:59:20	
http://localhost/Ligue12010/get.live.match.detail.php?MatchKey=368&_=1298372402909
Ouverture du thread 138 a Tuesday 22 February 2011 12:00:02
Fermeture du thread 138 a Tuesday 22 February 2011 12:00:03	
http://localhost/Ligue12010/get.live.match.detail.php?MatchKey=368&_=1298372403234
Ouverture du thread 139 a Tuesday 22 February 2011 12:00:03
Fermeture du thread 139 a Tuesday 22 February 2011 12:00:03	
http://localhost/Ligue12010/index.php?Page=3
Ouverture du thread 140 a Tuesday 22 February 2011 12:00:05
Fermeture du thread 140 a Tuesday 22 February 2011 12:00:05	
http://localhost/Ligue12010/get.ranking.php?
Ouverture du thread 141 a Tuesday 22 February 2011 12:00:06
Fermeture du thread 141 a Tuesday 22 February 2011 12:00:07	
http://localhost/Ligue12010/index.php?Page=3
Ouverture du thread 142 a Tuesday 22 February 2011 12:00:39
Fermeture du thread 142 a Tuesday 22 February 2011 12:00:40	
http://localhost/Ligue12010/get.ranking.php?
Ouverture du thread 143 a Tuesday 22 February 2011 12:00:40
Fermeture du thread 143 a Tuesday 22 February 2011 12:00:42	
http://localhost/Ligue12010/index.php?Page=3
Ouverture du thread 144 a Tuesday 22 February 2011 12:04:22
Fermeture du thread 144 a Tuesday 22 February 2011 12:04:22	
http://localhost/Ligue12010/get.ranking.php?
Ouverture du thread 145 a Tuesday 22 February 2011 12:04:23
Fermeture du thread 145 a Tuesday 22 February 2011 12:04:24	
http://localhost/Ligue12010/index.php?Page=2
Ouverture du thread 146 a Tuesday 22 February 2011 12:04:29
Fermeture du thread 146 a Tuesday 22 February 2011 12:04:31	
http://localhost/Ligue12010/get.live.match.detail.php?MatchKey=363&_=1298372684426
Ouverture du thread 147 a Tuesday 22 February 2011 12:04:44
Fermeture du thread 147 a Tuesday 22 February 2011 12:04:44	
http://localhost/Ligue12010/get.live.match.detail.php?MatchKey=366&_=1298372684528
Ouverture du thread 148 a Tuesday 22 February 2011 12:04:44
Fermeture du thread 148 a Tuesday 22 February 2011 12:04:44	
http://localhost/Ligue12010/index.php?Page=4
Ouverture du thread 149 a Tuesday 22 February 2011 12:04:45
Fermeture du thread 149 a Tuesday 22 February 2011 12:04:45	
http://localhost/Ligue12010/index.php?Page=4&DayKey=12
Ouverture du thread 150 a Tuesday 22 February 2011 12:04:51
Fermeture du thread 150 a Tuesday 22 February 2011 12:04:52	
http://localhost/Ligue12010/get.live.match.detail.php?MatchKey=364&_=1298372737248
Ouverture du thread 151 a Tuesday 22 February 2011 12:05:37
Fermeture du thread 151 a Tuesday 22 February 2011 12:05:37	
http://localhost/Ligue12010/get.live.match.detail.php?MatchKey=364&_=1298372737714
Ouverture du thread 152 a Tuesday 22 February 2011 12:05:37
Fermeture du thread 152 a Tuesday 22 February 2011 12:05:37	
http://localhost/Ligue12010/get.live.match.detail.php?MatchKey=363&_=1298372740104
Ouverture du thread 153 a Tuesday 22 February 2011 12:05:40
Fermeture du thread 153 a Tuesday 22 February 2011 12:05:40	
http://localhost/Ligue12010/get.live.match.detail.php?MatchKey=366&_=1298372740480
Ouverture du thread 154 a Tuesday 22 February 2011 12:05:40
Fermeture du thread 154 a Tuesday 22 February 2011 12:05:40	
http://localhost/Ligue12010/index.php?Page=2
Ouverture du thread 155 a Tuesday 22 February 2011 12:05:43
Fermeture du thread 155 a Tuesday 22 February 2011 12:05:44	
http://localhost/Ligue12010/get.live.match.detail.php?MatchKey=365&_=1298373121517
Ouverture du thread 156 a Tuesday 22 February 2011 12:12:02
Fermeture du thread 156 a Tuesday 22 February 2011 12:12:02	
http://localhost/Ligue12010/index.php?Page=2
Ouverture du thread 157 a Tuesday 22 February 2011 12:12:03
Fermeture du thread 157 a Tuesday 22 February 2011 12:12:04	
http://localhost/Ligue12010/get.live.match.detail.php?MatchKey=368&_=1298373121556
Ouverture du thread 158 a Tuesday 22 February 2011 12:12:04
Fermeture du thread 158 a Tuesday 22 February 2011 12:12:04	
http://localhost/Ligue12010/get.live.match.detail.php?MatchKey=363&_=1298373135892
Ouverture du thread 159 a Tuesday 22 February 2011 12:12:15
Fermeture du thread 159 a Tuesday 22 February 2011 12:12:15	
http://localhost/Ligue12010/get.live.match.detail.php?MatchKey=366&_=1298373135932
Ouverture du thread 160 a Tuesday 22 February 2011 12:12:15
Fermeture du thread 160 a Tuesday 22 February 2011 12:12:16	
http://localhost/Ligue12010/index.php?Page=4
Ouverture du thread 161 a Tuesday 22 February 2011 12:12:19
Fermeture du thread 161 a Tuesday 22 February 2011 12:12:19	
http://localhost/Ligue12010/index.php?Page=4&DayKey=12
Ouverture du thread 162 a Tuesday 22 February 2011 12:12:25
Fermeture du thread 162 a Tuesday 22 February 2011 12:12:26	
http://localhost/Ligue12010/get.live.match.detail.php?MatchKey=364&_=1298373161932
Ouverture du thread 163 a Tuesday 22 February 2011 12:12:41
Fermeture du thread 163 a Tuesday 22 February 2011 12:12:42	
http://localhost/Ligue12010/get.live.match.detail.php?MatchKey=362&_=1298373161982
Ouverture du thread 164 a Tuesday 22 February 2011 12:12:42
Fermeture du thread 164 a Tuesday 22 February 2011 12:12:42	
http://localhost/Ligue12010/index.php?Page=2
Ouverture du thread 165 a Tuesday 22 February 2011 12:12:43
Fermeture du thread 165 a Tuesday 22 February 2011 12:12:44	
http://localhost/Ligue12010/get.live.match.detail.php?MatchKey=362&_=1298373173556
Ouverture du thread 166 a Tuesday 22 February 2011 12:12:53
Fermeture du thread 166 a Tuesday 22 February 2011 12:12:53	
http://localhost/Ligue12010/get.live.match.detail.php?MatchKey=361&_=1298373174219
Ouverture du thread 167 a Tuesday 22 February 2011 12:12:54
Fermeture du thread 167 a Tuesday 22 February 2011 12:12:54	
http://localhost/Ligue12010/get.live.match.detail.php?MatchKey=366&_=1298373257194
Ouverture du thread 168 a Tuesday 22 February 2011 12:14:17
Fermeture du thread 168 a Tuesday 22 February 2011 12:14:17	
http://localhost/Ligue12010/get.live.match.detail.php?MatchKey=364&_=1298373257253
Ouverture du thread 169 a Tuesday 22 February 2011 12:14:17
Fermeture du thread 169 a Tuesday 22 February 2011 12:14:17	
http://localhost/Ligue12010/get.live.match.detail.php?MatchKey=367&_=1298377745362
Ouverture du thread 170 a Tuesday 22 February 2011 13:29:06
Fermeture du thread 170 a Tuesday 22 February 2011 13:29:06	
http://localhost/Ligue12010/get.live.match.detail.php?MatchKey=365&_=1298377745422
Ouverture du thread 171 a Tuesday 22 February 2011 13:29:07
Fermeture du thread 171 a Tuesday 22 February 2011 13:29:07	
http://localhost/Ligue12010/index.php?Page=2
Ouverture du thread 172 a Tuesday 22 February 2011 13:32:17
Fermeture du thread 172 a Tuesday 22 February 2011 13:32:18	
http://localhost/Ligue12010/index.php?Page=2
Ouverture du thread 173 a Tuesday 22 February 2011 13:33:24
Fermeture du thread 173 a Tuesday 22 February 2011 13:33:25	
http://localhost/Ligue12010/index.php?Page=2
Ouverture du thread 174 a Tuesday 22 February 2011 13:33:49
Fermeture du thread 174 a Tuesday 22 February 2011 13:33:50	
http://localhost/Ligue12010/index.php?Page=2
Ouverture du thread 175 a Tuesday 22 February 2011 13:34:10
Fermeture du thread 175 a Tuesday 22 February 2011 13:34:11	
http://localhost/Ligue12010/index.php?Page=2
Ouverture du thread 176 a Tuesday 22 February 2011 13:34:23
Fermeture du thread 176 a Tuesday 22 February 2011 13:34:23	
http://localhost/Ligue12010/get.live.match.detail.php?MatchKey=366&_=1298378078061
Ouverture du thread 177 a Tuesday 22 February 2011 13:34:38
Fermeture du thread 177 a Tuesday 22 February 2011 13:34:38	
http://localhost/Ligue12010/get.live.match.detail.php?MatchKey=364&_=1298378078160
Ouverture du thread 178 a Tuesday 22 February 2011 13:34:38
Fermeture du thread 178 a Tuesday 22 February 2011 13:34:38	
http://localhost/Ligue12010/index.php?Page=2&GroupKey=30
Ouverture du thread 179 a Tuesday 22 February 2011 13:34:41
Fermeture du thread 179 a Tuesday 22 February 2011 13:34:42	
http://localhost/Ligue12010/get.live.match.detail.php?MatchKey=385&_=1298378127770
Ouverture du thread 180 a Tuesday 22 February 2011 13:35:27
Fermeture du thread 180 a Tuesday 22 February 2011 13:35:27	
http://localhost/Ligue12010/index.php?Page=2&GroupKey=30
Ouverture du thread 181 a Tuesday 22 February 2011 13:35:28
Fermeture du thread 181 a Tuesday 22 February 2011 13:35:29	
http://localhost/Ligue12010/get.live.match.detail.php?MatchKey=383&_=1298378142465
Ouverture du thread 182 a Tuesday 22 February 2011 13:35:42
Fermeture du thread 182 a Tuesday 22 February 2011 13:35:42	
http://localhost/Ligue12010/get.live.match.detail.php?MatchKey=381&_=1298378148408
Ouverture du thread 183 a Tuesday 22 February 2011 13:35:48
Fermeture du thread 183 a Tuesday 22 February 2011 13:35:48	
http://localhost/Ligue12010/index.php?Page=2
Ouverture du thread 184 a Tuesday 22 February 2011 13:35:53
Fermeture du thread 184 a Tuesday 22 February 2011 13:35:53	
http://localhost/Ligue12010/get.live.match.detail.php?MatchKey=367&_=1298378158447
Ouverture du thread 185 a Tuesday 22 February 2011 13:35:58
Fermeture du thread 185 a Tuesday 22 February 2011 13:35:59	
http://localhost/Ligue12010/get.live.match.detail.php?MatchKey=365&_=1298378176541
Ouverture du thread 186 a Tuesday 22 February 2011 13:36:17
Fermeture du thread 186 a Tuesday 22 February 2011 13:36:17	
http://localhost/Ligue12010/index.php?Page=3
Ouverture du thread 187 a Tuesday 22 February 2011 13:36:17
Fermeture du thread 187 a Tuesday 22 February 2011 13:36:17	
http://localhost/Ligue12010/get.ranking.php?
Ouverture du thread 188 a Tuesday 22 February 2011 13:36:18
Fermeture du thread 188 a Tuesday 22 February 2011 13:36:20	
http://localhost/Ligue12010/index.php?Page=3&View=Group
Ouverture du thread 189 a Tuesday 22 February 2011 13:36:34
Fermeture du thread 189 a Tuesday 22 February 2011 13:36:34	
http://localhost/Ligue12010/get.ranking.group.php?GroupKey=28
Ouverture du thread 190 a Tuesday 22 February 2011 13:36:35
Fermeture du thread 190 a Tuesday 22 February 2011 13:36:36	
http://localhost/Ligue12010/index.php?Page=6
Ouverture du thread 191 a Tuesday 22 February 2011 13:36:39
Fermeture du thread 191 a Tuesday 22 February 2011 13:36:39	
http://localhost/Ligue12010/get.player.statistics.php?PlayerKey=19&View=Ranking&ViewMode=Global&Position=0
Ouverture du thread 192 a Tuesday 22 February 2011 13:36:40
Fermeture du thread 192 a Tuesday 22 February 2011 13:36:41	
http://localhost/Ligue12010/index.php?Page=3
Ouverture du thread 193 a Tuesday 22 February 2011 13:46:48
Fermeture du thread 193 a Tuesday 22 February 2011 13:46:48	
http://localhost/Ligue12010/get.ranking.php?
Ouverture du thread 194 a Tuesday 22 February 2011 13:46:49
Fermeture du thread 194 a Tuesday 22 February 2011 13:46:50	
http://localhost/Ligue12010/get.live.match.detail.php?MatchKey=389&_=1298378852734
Ouverture du thread 195 a Tuesday 22 February 2011 13:47:33
Fermeture du thread 195 a Tuesday 22 February 2011 13:47:33	
http://localhost/Ligue12010/index.php?Page=1
Ouverture du thread 196 a Tuesday 22 February 2011 13:47:35
Fermeture du thread 196 a Tuesday 22 February 2011 13:47:35	
http://localhost/Ligue12010/index.php?
Ouverture du thread 197 a Tuesday 22 February 2011 13:47:39
Fermeture du thread 197 a Tuesday 22 February 2011 13:47:41	
