[2015-08-21 13:50:45] defaultLogger.INFO: 2316 -> ExternalKey:79949 [] []
[2015-08-21 13:50:45] defaultLogger.INFO: http://www.lfp.fr/ligue1/feuille_match/79949 [] []
[2015-08-21 13:50:47] defaultLogger.INFO: GET:http://www.lfp.fr/ligue1/feuille_match/79949 [] []
[2015-08-21 13:50:48] defaultLogger.INFO: 2316 -> ExternalKey:79949 [] []
[2015-08-21 13:50:48] defaultLogger.INFO: 2315 -> ExternalKey:79950 [] []
[2015-08-21 13:50:48] defaultLogger.INFO: http://www.lfp.fr/ligue1/feuille_match/79950 [] []
[2015-08-21 13:50:49] defaultLogger.INFO: GET:http://www.lfp.fr/ligue1/feuille_match/79950 [] []
[2015-08-21 13:50:51] defaultLogger.INFO: 2315 -> ExternalKey:79950 [] []
[2015-08-21 13:50:51] defaultLogger.INFO: 2314 -> ExternalKey:79952 [] []
[2015-08-21 13:50:51] defaultLogger.INFO: http://www.lfp.fr/ligue1/feuille_match/79952 [] []
[2015-08-21 13:50:52] defaultLogger.INFO: GET:http://www.lfp.fr/ligue1/feuille_match/79952 [] []
[2015-08-21 13:50:53] defaultLogger.INFO: 2314 -> ExternalKey:79952 [] []
[2015-08-21 13:50:53] defaultLogger.INFO: 2316 -> 2:0 [] []
[2015-08-21 13:50:53] defaultLogger.INFO: playerScoreToBeRefreshed: [] []
[2015-08-21 13:50:53] defaultLogger.INFO: Compute data don't execute for match with key 2316 [] []
[2015-08-21 13:50:53] defaultLogger.INFO: 2315 -> 1:1 [] []
[2015-08-21 13:50:53] defaultLogger.INFO: playerScoreToBeRefreshed: [] []
[2015-08-21 13:50:53] defaultLogger.INFO: Compute data don't execute for match with key 2315 [] []
[2015-08-21 13:50:53] defaultLogger.INFO: 2314 -> 1:0 [] []
[2015-08-21 13:50:53] defaultLogger.INFO: playerScoreToBeRefreshed: [] []
[2015-08-21 13:50:53] defaultLogger.INFO: Compute data don't execute for match with key 2314 [] []
[2015-08-21 13:50:53] defaultLogger.INFO: totaltime:8.36214 [] []
