Ouverture du thread 45 a Sunday 06 February 2011 15:40:41	
Fermeture du thread 45 a Sunday 06 February 2011 15:40:48	
Ouverture du thread 46 a Sunday 06 February 2011 17:36:47	
Fermeture du thread 46 a Sunday 06 February 2011 17:36:49	
Ouverture du thread 47 a Sunday 06 February 2011 17:38:14	
 http://localhost/Ligue12010/index.php
Fermeture du thread 47 a Sunday 06 February 2011 17:38:15	
Ouverture du thread 48 a Sunday 06 February 2011 17:42:00	
 http://localhost/Ligue12010/index.php
Fermeture du thread 48 a Sunday 06 February 2011 17:42:01	
Ouverture du thread 49 a Sunday 06 February 2011 17:42:04	
 http://localhost/Ligue12010/index.php
Fermeture du thread 49 a Sunday 06 February 2011 17:42:04	
Ouverture du thread 50 a Sunday 06 February 2011 17:42:05	
 http://localhost/Ligue12010/get.ranking.php
Fermeture du thread 50 a Sunday 06 February 2011 17:42:07	
Ouverture du thread 51 a Sunday 06 February 2011 17:45:29	
 http://localhost/Ligue12010/index.phpPage=3
Fermeture du thread 51 a Sunday 06 February 2011 17:45:29	
Ouverture du thread 52 a Sunday 06 February 2011 17:45:30	
 http://localhost/Ligue12010/get.ranking.php
Fermeture du thread 52 a Sunday 06 February 2011 17:45:31	
Ouverture du thread 53 a Sunday 06 February 2011 17:45:59	
 http://localhost/Ligue12010/index.php?Page=6
Fermeture du thread 53 a Sunday 06 February 2011 17:45:59	
Ouverture du thread 54 a Sunday 06 February 2011 17:46:01	
 http://localhost/Ligue12010/get.player.statistics.php?PlayerKey=19&View=Ranking&ViewMode=Global&Position=0
Fermeture du thread 54 a Sunday 06 February 2011 17:46:02	
Ouverture du thread 55 a Sunday 06 February 2011 17:46:54	
 http://localhost/Ligue12010/index.php?Page=2
Fermeture du thread 55 a Sunday 06 February 2011 17:46:55	
Ouverture du thread 56 a Sunday 06 February 2011 17:47:00	
 http://localhost/Ligue12010/index.php?Page=4
Fermeture du thread 56 a Sunday 06 February 2011 17:47:00	
Ouverture du thread 57 a Sunday 06 February 2011 17:47:04	
 http://localhost/Ligue12010/index.php?Page=1
Fermeture du thread 57 a Sunday 06 February 2011 17:47:04	
Ouverture du thread 58 a Sunday 06 February 2011 17:47:07	
 http://localhost/Ligue12010/index.php?Page=2
Fermeture du thread 58 a Sunday 06 February 2011 17:47:08	
Ouverture du thread 59 a Sunday 06 February 2011 17:47:11	
 http://localhost/Ligue12010/get.live.match.detail.php?MatchKey=367&_=1297010831269
Fermeture du thread 59 a Sunday 06 February 2011 17:47:11	
Ouverture du thread 60 a Sunday 06 February 2011 17:47:11	
 http://localhost/Ligue12010/get.live.match.detail.php?MatchKey=370&_=1297010831483
Fermeture du thread 60 a Sunday 06 February 2011 17:47:11	
Ouverture du thread 61 a Sunday 06 February 2011 17:49:02	
 http://localhost/Ligue12010/get.live.match.detail.php?MatchKey=370&_=1297010941827
Fermeture du thread 61 a Sunday 06 February 2011 17:49:02	
Ouverture du thread 62 a Sunday 06 February 2011 18:11:14	
 http://localhost/Ligue12010/get.live.match.detail.php?MatchKey=364&_=1297012273136
Fermeture du thread 62 a Sunday 06 February 2011 18:11:14	
Ouverture du thread 63 a Sunday 06 February 2011 18:22:04	
 http://localhost/Ligue12010/get.live.match.detail.php?MatchKey=366&_=1297012923731
Fermeture du thread 63 a Sunday 06 February 2011 18:22:04	
